<?xml version="1.0" encoding="UTF-8"?>
<!-- Generated by org.testng.reporters.JUnitXMLReporter -->
<testsuite ignored="0" hostname="Roopas-MacBook-Air.local" failures="0" tests="1" name="Test-Runner-2" time="0.062" errors="0" timestamp="2025-01-15T11:54:50 IST">
  <testcase classname="swagLabs.InventoryTests.RemoveProductTest" name="RemoveProduct" time="0.012"/>
</testsuite> <!-- Test-Runner-2 -->
