<?xml version="1.0" encoding="UTF-8"?>
<!-- Generated by org.testng.reporters.JUnitXMLReporter -->
<testsuite ignored="0" hostname="Roopas-MacBook-Air.local" failures="0" tests="1" name="Test-Runner-1" time="22.557" errors="0" timestamp="2025-01-15T11:55:12 IST">
  <testcase classname="swagLabs.InventoryTests.AddProductToCartTest" name="tc_001_AddProductToCartTest" time="3.0"/>
</testsuite> <!-- Test-Runner-1 -->
