<?xml version="1.0" encoding="UTF-8"?>
<!-- Generated by org.testng.reporters.JUnitXMLReporter -->
<testsuite ignored="0" hostname="Roopas-MacBook-Air.local" failures="0" tests="0" name="Test-runner-safari" time="21.82" errors="0" timestamp="2025-01-25T10:46:55 IST">
</testsuite> <!-- Test-runner-safari -->
