<?xml version="1.0" encoding="UTF-8"?>
<!-- Generated by org.testng.reporters.JUnitReportReporter -->
<testsuite hostname="Roopas-MacBook-Air.local" failures="0" tests="1" name="swagLabs.InventoryTests.RemoveProductTest" time="0.001" errors="0" timestamp="2025-01-18T11:18:26 IST" skipped="0">
  <testcase classname="swagLabs.InventoryTests.RemoveProductTest" name="RemoveProduct" time="0.001"/>
  <system-out/>
</testsuite> <!-- swagLabs.InventoryTests.RemoveProductTest -->
