<?xml version="1.0" encoding="UTF-8"?>
<!-- Generated by org.testng.reporters.JUnitReportReporter -->
<testsuite hostname="Roopas-MacBook-Air.local" failures="0" tests="9" name="practice.TestNGPractice" time="0.020" errors="0" timestamp="2025-01-09T15:59:43 IST" skipped="1">
  <testcase classname="practice.TestNGPractice" name="sampleTest2" time="0.002"/>
  <system-out/>
  <testcase classname="practice.TestNGPractice" name="sampleTest3" time="0.002"/>
  <system-out/>
  <testcase classname="practice.TestNGPractice" name="sampleTest2" time="0.002"/>
  <system-out/>
  <testcase classname="practice.TestNGPractice" name="addproductTocart" time="0.003"/>
  <system-out/>
  <testcase classname="practice.TestNGPractice" name="addproductTocart" time="0.002"/>
  <system-out/>
  <testcase classname="practice.TestNGPractice" name="sampleTest" time="0.001"/>
  <system-out/>
  <testcase classname="practice.TestNGPractice" name="sampleTest2" time="0.002"/>
  <system-out/>
  <testcase classname="practice.TestNGPractice" name="addproductTocart" time="0.006"/>
  <system-out/>
  <testcase classname="practice.TestNGPractice" name="sampleTest1">
    <skipped/>
  </testcase> <!-- sampleTest1 -->
  <system-out/>
</testsuite> <!-- practice.TestNGPractice -->
