<?xml version="1.0" encoding="UTF-8"?>
<!-- Generated by org.testng.reporters.JUnitReportReporter -->
<testsuite hostname="Roopas-MacBook-Air.local" failures="0" tests="1" name="swagLabs.InventoryTests.RemoveProductTest" time="0.010" errors="0" timestamp="2025-04-16T12:41:25 IST" skipped="0">
  <testcase classname="swagLabs.InventoryTests.RemoveProductTest" name="RemoveProduct" time="0.010"/>
  <system-out/>
</testsuite> <!-- swagLabs.InventoryTests.RemoveProductTest -->
