<?xml version="1.0" encoding="UTF-8"?>
<!-- Generated by org.testng.reporters.JUnitReportReporter -->
<testsuite hostname="Roopas-MacBook-Air.local" failures="0" tests="2" name="swagLabs.InventoryTests.SampleJDBC" time="0.787" errors="0" timestamp="2025-02-06T12:37:29 IST" skipped="0">
  <testcase classname="swagLabs.InventoryTests.SampleJDBC" name="selectExecuteQuery" time="0.697"/>
  <system-out/>
  <testcase classname="swagLabs.InventoryTests.SampleJDBC" name="selectExecuteUpdate" time="0.090"/>
  <system-out/>
</testsuite> <!-- swagLabs.InventoryTests.SampleJDBC -->
